INFO:__main__:Created Employee: Jotaro Kujo - Jotaro.Kujo@email.com
INFO:__main__:Created Employee: Dio Brando - Dio.Brando@email.com
INFO:__main__:Created Employee: Jonathan Joestar - Jonathan.Joestar@email.com
INFO:employee:Created Employee: Jotaro Kujo - Jotaro.Kujo@email.com
INFO:employee:Created Employee: Dio Brando - Dio.Brando@email.com
INFO:employee:Created Employee: Jonathan Joestar - Jonathan.Joestar@email.com
INFO:employee:Created Employee: Jotaro Kujo - Jotaro.Kujo@email.com
INFO:employee:Created Employee: Dio Brando - Dio.Brando@email.com
INFO:employee:Created Employee: Jonathan Joestar - Jonathan.Joestar@email.com
INFO:employee:Created Employee: Jotaro Kujo - Jotaro.Kujo@email.com
INFO:employee:Created Employee: Dio Brando - Dio.Brando@email.com
INFO:employee:Created Employee: Jonathan Joestar - Jonathan.Joestar@email.com
INFO:employee:Created Employee: Jotaro Kujo - Jotaro.Kujo@email.com
INFO:employee:Created Employee: Dio Brando - Dio.Brando@email.com
INFO:employee:Created Employee: Jonathan Joestar - Jonathan.Joestar@email.com
INFO:employee:Created Employee: Jotaro Kujo - Jotaro.Kujo@email.com
INFO:employee:Created Employee: Dio Brando - Dio.Brando@email.com
INFO:employee:Created Employee: Jonathan Joestar - Jonathan.Joestar@email.com
INFO:employee:Created Employee: Jotaro Kujo - Jotaro.Kujo@email.com
INFO:employee:Created Employee: Dio Brando - Dio.Brando@email.com
INFO:employee:Created Employee: Jonathan Joestar - Jonathan.Joestar@email.com
INFO:employee:Created Employee: Jotaro Kujo - Jotaro.Kujo@email.com
INFO:employee:Created Employee: Dio Brando - Dio.Brando@email.com
INFO:employee:Created Employee: Jonathan Joestar - Jonathan.Joestar@email.com
